{"/Users/derrickpersson/Documents/projects/form-utils/dist/index.js":{"path":"/Users/derrickpersson/Documents/projects/form-utils/dist/index.js","s":{"1":1,"2":1,"3":2,"4":1,"5":2,"6":2},"b":{},"f":{"1":2,"2":2},"fnMap":{"1":{"name":"(anonymous_1)","line":3,"loc":{"start":{"line":3,"column":19},"end":{"line":3,"column":36}}},"2":{"name":"(anonymous_2)","line":6,"loc":{"start":{"line":6,"column":26},"end":{"line":6,"column":43}}}},"statementMap":{"1":{"start":{"line":2,"column":0},"end":{"line":2,"column":62}},"2":{"start":{"line":3,"column":0},"end":{"line":5,"column":2}},"3":{"start":{"line":4,"column":4},"end":{"line":4,"column":18}},"4":{"start":{"line":6,"column":0},"end":{"line":9,"column":2}},"5":{"start":{"line":7,"column":4},"end":{"line":7,"column":52}},"6":{"start":{"line":8,"column":4},"end":{"line":8,"column":29}}},"branchMap":{}}}